2022-03-22 15:30:50.188 - INFO - 14784 - azureml.automl.core.dataset_utilities._save_datasets_to_json:131 - JSON serialization of input of type <class 'NoneType'> is un-supported.
2022-03-22 15:30:50.195 - INFO - 14784 - azureml.automl.core.dataset_utilities._save_datasets_to_json:131 - JSON serialization of input of type <class 'NoneType'> is un-supported.
2022-03-22 15:30:50.203 - INFO - 14784 - azureml.train.automl._experiment_drivers.driver_utilities.validate_input:124 - Start data validation.
2022-03-22 15:30:50.275 - INFO - 14784 - azureml.train.automl._experiment_drivers.driver_utilities.validate_input:137 - Validation service found the data has no errors.
2022-03-22 17:15:55.660 - INFO - 31911 - azureml.automl.core.dataset_utilities._save_datasets_to_json:131 - JSON serialization of input of type <class 'NoneType'> is un-supported.
2022-03-22 17:15:55.727 - INFO - 31911 - azureml.automl.core.dataset_utilities._save_datasets_to_json:131 - JSON serialization of input of type <class 'NoneType'> is un-supported.
2022-03-22 17:15:55.787 - INFO - 31911 - azureml.train.automl._experiment_drivers.driver_utilities.validate_input:124 - Start data validation.
2022-03-22 17:15:55.875 - INFO - 31911 - azureml.train.automl._experiment_drivers.driver_utilities.validate_input:137 - Validation service found the data has no errors.
2022-03-22 17:47:12.264 - INFO - 31911 - azureml.automl.runtime.distributed.utilities.horovod_initialized:70 - Horovod not found in current environment. Distribution via Horovod will be disabled.
2022-03-22 17:47:13.979 - INFO - 31911 - azureml.automl.runtime.featurization.data_transformer.__init__:190 - Feature sweeping enabled: False
2022-03-22 17:47:14.000 - INFO - 31911 - azureml.automl.runtime.featurization.data_transformer.__init__:191 - Feature sweeping timeout: 86400
2022-03-22 17:49:07.288 - INFO - 31911 - azureml.automl.runtime.featurization.data_transformer._apply_transforms:550 - Starting to apply transforms. Total ram: 14673473536 bytes
2022-03-22 17:49:07.368 - INFO - 31911 - azureml.automl.runtime.featurization.data_transformer._apply_transforms:560 - Transform memory estimate: 0 bytes, Current available memory: 3694501888 bytes
2022-03-22 17:49:07.474 - INFO - 31911 - azureml.automl.runtime.featurization.data_transformer._apply_transforms:572 - SimpleImputer: Applying transform.
2022-03-22 17:49:07.482 - INFO - 31911 - azureml.automl.runtime.featurization.data_transformer._apply_transforms:584 - SimpleImputer: Finished applying transform. Shape (4120, 1)
2022-03-22 17:49:07.489 - INFO - 31911 - azureml.automl.runtime.featurization.data_transformer._apply_transforms:560 - Transform memory estimate: 0 bytes, Current available memory: 3694501888 bytes
2022-03-22 17:49:07.497 - INFO - 31911 - azureml.automl.runtime.featurization.data_transformer._apply_transforms:572 - SimpleImputer: Applying transform.
2022-03-22 17:49:07.512 - INFO - 31911 - azureml.automl.runtime.featurization.data_transformer._apply_transforms:584 - SimpleImputer: Finished applying transform. Shape (4120, 1)
2022-03-22 17:49:07.519 - INFO - 31911 - azureml.automl.runtime.featurization.data_transformer._apply_transforms:560 - Transform memory estimate: 0 bytes, Current available memory: 3694501888 bytes
2022-03-22 17:49:07.525 - INFO - 31911 - azureml.automl.runtime.featurization.data_transformer._apply_transforms:572 - SimpleImputer: Applying transform.
2022-03-22 17:49:07.534 - INFO - 31911 - azureml.automl.runtime.featurization.data_transformer._apply_transforms:584 - SimpleImputer: Finished applying transform. Shape (4120, 1)
2022-03-22 17:49:07.541 - INFO - 31911 - azureml.automl.runtime.featurization.data_transformer._apply_transforms:560 - Transform memory estimate: 0 bytes, Current available memory: 3694702592 bytes
2022-03-22 17:49:07.547 - INFO - 31911 - azureml.automl.runtime.featurization.data_transformer._apply_transforms:572 - SimpleImputer: Applying transform.
2022-03-22 17:49:07.554 - INFO - 31911 - azureml.automl.runtime.featurization.data_transformer._apply_transforms:584 - SimpleImputer: Finished applying transform. Shape (4120, 1)
2022-03-22 17:49:07.561 - INFO - 31911 - azureml.automl.runtime.featurization.data_transformer._apply_transforms:560 - Transform memory estimate: 0 bytes, Current available memory: 3694702592 bytes
2022-03-22 17:49:07.561 - INFO - 31911 - azureml.automl.runtime.featurization.data_transformer._apply_transforms:572 - SimpleImputer: Applying transform.
2022-03-22 17:49:07.563 - INFO - 31911 - azureml.automl.runtime.featurization.data_transformer._apply_transforms:584 - SimpleImputer: Finished applying transform. Shape (4120, 1)
2022-03-22 17:49:07.564 - INFO - 31911 - azureml.automl.runtime.featurization.data_transformer._apply_transforms:560 - Transform memory estimate: 0 bytes, Current available memory: 3694702592 bytes
2022-03-22 17:49:07.564 - INFO - 31911 - azureml.automl.runtime.featurization.data_transformer._apply_transforms:572 - SimpleImputer: Applying transform.
2022-03-22 17:49:07.565 - INFO - 31911 - azureml.automl.runtime.featurization.data_transformer._apply_transforms:584 - SimpleImputer: Finished applying transform. Shape (4120, 1)
2022-03-22 17:49:07.565 - INFO - 31911 - azureml.automl.runtime.featurization.data_transformer._apply_transforms:560 - Transform memory estimate: 0 bytes, Current available memory: 3694702592 bytes
2022-03-22 17:49:07.565 - INFO - 31911 - azureml.automl.runtime.featurization.data_transformer._apply_transforms:572 - SimpleImputer: Applying transform.
2022-03-22 17:49:07.567 - INFO - 31911 - azureml.automl.runtime.featurization.data_transformer._apply_transforms:584 - SimpleImputer: Finished applying transform. Shape (4120, 1)
2022-03-22 17:49:07.567 - INFO - 31911 - azureml.automl.runtime.featurization.data_transformer._apply_transforms:560 - Transform memory estimate: 0 bytes, Current available memory: 3694702592 bytes
2022-03-22 17:49:07.567 - INFO - 31911 - azureml.automl.runtime.featurization.data_transformer._apply_transforms:572 - StringCastTransformer,CountVectorizer: Applying transform.
2022-03-22 17:49:07.578 - INFO - 31911 - azureml.automl.runtime.featurization.data_transformer._apply_transforms:584 - StringCastTransformer,CountVectorizer: Finished applying transform. Shape (4120, 12)
2022-03-22 17:49:07.578 - INFO - 31911 - azureml.automl.runtime.featurization.data_transformer._apply_transforms:560 - Transform memory estimate: 0 bytes, Current available memory: 3694702592 bytes
2022-03-22 17:49:07.579 - INFO - 31911 - azureml.automl.runtime.featurization.data_transformer._apply_transforms:572 - StringCastTransformer,CountVectorizer: Applying transform.
2022-03-22 17:49:07.589 - INFO - 31911 - azureml.automl.runtime.featurization.data_transformer._apply_transforms:584 - StringCastTransformer,CountVectorizer: Finished applying transform. Shape (4120, 4)
2022-03-22 17:49:07.589 - INFO - 31911 - azureml.automl.runtime.featurization.data_transformer._apply_transforms:560 - Transform memory estimate: 0 bytes, Current available memory: 3694702592 bytes
2022-03-22 17:49:07.589 - INFO - 31911 - azureml.automl.runtime.featurization.data_transformer._apply_transforms:572 - StringCastTransformer,CountVectorizer: Applying transform.
2022-03-22 17:49:07.600 - INFO - 31911 - azureml.automl.runtime.featurization.data_transformer._apply_transforms:584 - StringCastTransformer,CountVectorizer: Finished applying transform. Shape (4120, 8)
2022-03-22 17:49:07.601 - INFO - 31911 - azureml.automl.runtime.featurization.data_transformer._apply_transforms:560 - Transform memory estimate: 0 bytes, Current available memory: 3694702592 bytes
2022-03-22 17:49:07.601 - INFO - 31911 - azureml.automl.runtime.featurization.data_transformer._apply_transforms:572 - StringCastTransformer,CountVectorizer: Applying transform.
2022-03-22 17:49:07.611 - INFO - 31911 - azureml.automl.runtime.featurization.data_transformer._apply_transforms:584 - StringCastTransformer,CountVectorizer: Finished applying transform. Shape (4120, 3)
2022-03-22 17:49:07.612 - INFO - 31911 - azureml.automl.runtime.featurization.data_transformer._apply_transforms:560 - Transform memory estimate: 0 bytes, Current available memory: 3694702592 bytes
2022-03-22 17:49:07.612 - INFO - 31911 - azureml.automl.runtime.featurization.data_transformer._apply_transforms:572 - StringCastTransformer,CountVectorizer: Applying transform.
2022-03-22 17:49:07.622 - INFO - 31911 - azureml.automl.runtime.featurization.data_transformer._apply_transforms:584 - StringCastTransformer,CountVectorizer: Finished applying transform. Shape (4120, 3)
2022-03-22 17:49:07.623 - INFO - 31911 - azureml.automl.runtime.featurization.data_transformer._apply_transforms:560 - Transform memory estimate: 0 bytes, Current available memory: 3694735360 bytes
2022-03-22 17:49:07.623 - INFO - 31911 - azureml.automl.runtime.featurization.data_transformer._apply_transforms:572 - StringCastTransformer,CountVectorizer: Applying transform.
2022-03-22 17:49:07.633 - INFO - 31911 - azureml.automl.runtime.featurization.data_transformer._apply_transforms:584 - StringCastTransformer,CountVectorizer: Finished applying transform. Shape (4120, 3)
2022-03-22 17:49:07.634 - INFO - 31911 - azureml.automl.runtime.featurization.data_transformer._apply_transforms:560 - Transform memory estimate: 0 bytes, Current available memory: 3694735360 bytes
2022-03-22 17:49:07.634 - INFO - 31911 - azureml.automl.runtime.featurization.data_transformer._apply_transforms:572 - CatImputer,StringCastTransformer,LabelEncoderTransformer: Applying transform.
2022-03-22 17:49:07.639 - INFO - 31911 - azureml.automl.runtime.featurization.data_transformer._apply_transforms:584 - CatImputer,StringCastTransformer,LabelEncoderTransformer: Finished applying transform. Shape (4120, 1)
2022-03-22 17:49:07.640 - INFO - 31911 - azureml.automl.runtime.featurization.data_transformer._apply_transforms:560 - Transform memory estimate: 0 bytes, Current available memory: 3694735360 bytes
2022-03-22 17:49:07.640 - INFO - 31911 - azureml.automl.runtime.featurization.data_transformer._apply_transforms:572 - StringCastTransformer,CountVectorizer: Applying transform.
2022-03-22 17:49:07.651 - INFO - 31911 - azureml.automl.runtime.featurization.data_transformer._apply_transforms:584 - StringCastTransformer,CountVectorizer: Finished applying transform. Shape (4120, 10)
2022-03-22 17:49:07.651 - INFO - 31911 - azureml.automl.runtime.featurization.data_transformer._apply_transforms:560 - Transform memory estimate: 0 bytes, Current available memory: 3694444544 bytes
2022-03-22 17:49:07.651 - INFO - 31911 - azureml.automl.runtime.featurization.data_transformer._apply_transforms:572 - StringCastTransformer,CountVectorizer: Applying transform.
2022-03-22 17:49:07.662 - INFO - 31911 - azureml.automl.runtime.featurization.data_transformer._apply_transforms:584 - StringCastTransformer,CountVectorizer: Finished applying transform. Shape (4120, 5)
2022-03-22 17:49:07.662 - INFO - 31911 - azureml.automl.runtime.featurization.data_transformer._apply_transforms:560 - Transform memory estimate: 0 bytes, Current available memory: 3694444544 bytes
2022-03-22 17:49:07.662 - INFO - 31911 - azureml.automl.runtime.featurization.data_transformer._apply_transforms:572 - StringCastTransformer,CountVectorizer: Applying transform.
2022-03-22 17:49:07.675 - INFO - 31911 - azureml.automl.runtime.featurization.data_transformer._apply_transforms:584 - StringCastTransformer,CountVectorizer: Finished applying transform. Shape (4120, 39)
2022-03-22 17:49:07.676 - INFO - 31911 - azureml.automl.runtime.featurization.data_transformer._apply_transforms:560 - Transform memory estimate: 0 bytes, Current available memory: 3694186496 bytes
2022-03-22 17:49:07.676 - INFO - 31911 - azureml.automl.runtime.featurization.data_transformer._apply_transforms:572 - StringCastTransformer,CountVectorizer: Applying transform.
2022-03-22 17:49:07.690 - INFO - 31911 - azureml.automl.runtime.featurization.data_transformer._apply_transforms:584 - StringCastTransformer,CountVectorizer: Finished applying transform. Shape (4120, 26)
2022-03-22 17:49:07.690 - INFO - 31911 - azureml.automl.runtime.featurization.data_transformer._apply_transforms:560 - Transform memory estimate: 0 bytes, Current available memory: 3694186496 bytes
2022-03-22 17:49:07.690 - INFO - 31911 - azureml.automl.runtime.featurization.data_transformer._apply_transforms:572 - StringCastTransformer,CountVectorizer: Applying transform.
2022-03-22 17:49:07.703 - INFO - 31911 - azureml.automl.runtime.featurization.data_transformer._apply_transforms:584 - StringCastTransformer,CountVectorizer: Finished applying transform. Shape (4120, 8)
2022-03-22 17:49:07.704 - INFO - 31911 - azureml.automl.runtime.featurization.data_transformer._apply_transforms:560 - Transform memory estimate: 0 bytes, Current available memory: 3694186496 bytes
2022-03-22 17:49:07.704 - INFO - 31911 - azureml.automl.runtime.featurization.data_transformer._apply_transforms:572 - StringCastTransformer,CountVectorizer: Applying transform.
2022-03-22 17:49:07.714 - INFO - 31911 - azureml.automl.runtime.featurization.data_transformer._apply_transforms:584 - StringCastTransformer,CountVectorizer: Finished applying transform. Shape (4120, 3)
2022-03-22 17:49:07.715 - INFO - 31911 - azureml.automl.runtime.featurization.data_transformer._apply_transforms:595 - Finished applying transforms
2022-03-22 17:49:07.715 - INFO - 31911 - azureml.automl.runtime.shared.memory_utilities._is_low_memory:205 - Total ram: 14673473536 bytes, Current Available memory: 3694186496 bytes. Low memory threshold: 0.5
